THE LOGS YO:




NEW LOG: Friday 24th of May 2013 04:13:19 PM---------------------------
action: 
FAIL:
NULL

NEW LOG: Friday 24th of May 2013 04:22:13 PM---------------------------
action: 
FAIL:
NULL

NEW LOG: Saturday 25th of May 2013 03:36:08 PM---------------------------
action: 
FAIL:
NULL

NEW LOG: Saturday 25th of May 2013 03:38:24 PM---------------------------
action: 
FAIL:
NULL

NEW LOG: Saturday 25th of May 2013 03:42:13 PM---------------------------
action: 
FAIL:
NULL

NEW LOG: Saturday 25th of May 2013 03:44:47 PM---------------------------
action: 
FAIL:
NULL

NEW LOG: Saturday 25th of May 2013 03:50:55 PM---------------------------
action: 
FAIL:
NULL

NEW LOG: Saturday 25th of May 2013 04:40:23 PM---------------------------
action: 
FAIL:
NULL

NEW LOG: Saturday 25th of May 2013 04:43:31 PM---------------------------
action: 
FAIL:
NULL